<?xml version="1.0" encoding="UTF-8"?>
<!-- Generated by org.testng.reporters.JUnitReportReporter -->
<testsuite skipped="0" hostname="YYUF7O9RUYXJ37P" name="com.first.testcases.NewTest1" tests="1" failures="0" timestamp="17 四月 2019 03:54:36 GMT" time="0.003" errors="0">
  <testcase name="f" time="0.003" classname="com.first.testcases.NewTest1"/>
</testsuite> <!-- com.first.testcases.NewTest1 -->
